<?xml version="1.0" encoding="UTF-8"?>
<!-- Generated by org.testng.reporters.JUnitXMLReporter -->
<testsuite ignored="1" hostname="Mallikarjun-Kore" failures="0" tests="4" name="Default test" time="0.114" errors="0" timestamp="2023-03-26T10:08:22 IST">
  <testcase classname="TestngPractice.NewTest" name="test2" time="0.021"/>
  <testcase classname="TestngPractice.NewTest" name="test1" time="0.002"/>
  <testcase classname="TestngPractice.NewTest" name="test1" time="0.002"/>
  <testcase classname="TestngPractice.NewTest" name="test1" time="0.002"/>
  <testcase classname="TestngPractice.NewTest" name="test" time="0.0">
    <ignored/>
  </testcase> <!-- test -->
</testsuite> <!-- Default test -->
