<?xml version="1.0" encoding="UTF-8"?>
<testng-results ignored="1" total="2" passed="1" failed="0" skipped="0">
  <reporter-output>
  </reporter-output>
  <suite started-at="2023-04-03T06:54:07 IST" name="Suite" finished-at="2023-04-03T06:54:07 IST" duration-ms="92">
    <groups>
      <group name="smoke">
        <method signature="GroupExecution.hello()[pri:0, instance:Chapter1.GroupExecution@4690b489]" name="hello" class="Chapter1.GroupExecution"/>
      </group> <!-- smoke -->
    </groups>
    <test started-at="2023-04-03T06:54:07 IST" name="Test" finished-at="2023-04-03T06:54:07 IST" duration-ms="92">
      <class name="Chapter1.GroupExecution">
        <test-method signature="hello()[pri:0, instance:Chapter1.GroupExecution@4690b489]" started-at="2023-04-03T06:54:07 IST" name="hello" finished-at="2023-04-03T06:54:07 IST" duration-ms="19" status="PASS">
          <reporter-output>
          </reporter-output>
        </test-method> <!-- hello -->
      </class> <!-- Chapter1.GroupExecution -->
    </test> <!-- Test -->
  </suite> <!-- Suite -->
</testng-results>
